<?xml version="1.0" encoding="UTF-8"?>
<!-- Generated by org.testng.reporters.JUnitXMLReporter -->
<testsuite ignored="0" hostname="DESKTOP-K603VQO" failures="0" tests="4" name="LoginTest" time="30.394" errors="0" timestamp="2023-08-15T01:04:30 EDT">
  <testcase classname="testScripts.LoginTest" name="loginTest" time="3.506"/>
  <testcase classname="testScripts.LoginTest" name="loginTest" time="3.459"/>
  <testcase classname="testScripts.LoginTest" name="loginTest" time="3.395"/>
  <testcase classname="testScripts.LoginTest" name="loginTest" time="3.644"/>
</testsuite> <!-- LoginTest -->
