<?xml version="1.0" encoding="UTF-8"?>
<!-- Generated by org.testng.reporters.JUnitXMLReporter -->
<testsuite ignored="0" hostname="DESKTOP-K603VQO" failures="0" tests="4" name="LoginTest" time="38.11" errors="0" timestamp="2023-08-28T00:29:37 EDT">
  <testcase classname="testScripts.LoginTest" name="loginTest" time="3.923"/>
  <testcase classname="testScripts.LoginTest" name="loginTest" time="3.75"/>
  <testcase classname="testScripts.LoginTest" name="loginTest" time="3.687"/>
  <testcase classname="testScripts.LoginTest" name="loginTest" time="3.835"/>
</testsuite> <!-- LoginTest -->
