<?xml version="1.0" encoding="UTF-8"?>
<testng-results ignored="0" total="4" passed="4" failed="0" skipped="0">
  <reporter-output>
  </reporter-output>
  <suite started-at="2023-08-15T01:04:00 EDT" name="Suite" finished-at="2023-08-15T01:04:30 EDT" duration-ms="30394">
    <groups>
    </groups>
    <test started-at="2023-08-15T01:04:00 EDT" name="LoginTest" finished-at="2023-08-15T01:04:30 EDT" duration-ms="30394">
      <class name="testScripts.LoginTest">
        <test-method is-config="true" signature="setup()[pri:0, instance:testScripts.LoginTest@235834f2]" started-at="2023-08-15T01:04:00 EDT" name="setup" finished-at="2023-08-15T01:04:12 EDT" duration-ms="12331" status="PASS">
          <reporter-output>
          </reporter-output>
        </test-method> <!-- setup -->
        <test-method signature="loginTest(java.lang.String,java.lang.String)[pri:0, instance:testScripts.LoginTest@235834f2]" started-at="2023-08-15T01:04:13 EDT" name="loginTest" data-provider="loginDataProvider" finished-at="2023-08-15T01:04:17 EDT" duration-ms="3506" status="PASS">
          <params>
            <param index="0">
              <value>
                <![CDATA[Admin]]>
              </value>
            </param>
            <param index="1">
              <value>
                <![CDATA[admin123]]>
              </value>
            </param>
          </params>
          <reporter-output>
          </reporter-output>
        </test-method> <!-- loginTest -->
        <test-method signature="loginTest(java.lang.String,java.lang.String)[pri:0, instance:testScripts.LoginTest@235834f2]" started-at="2023-08-15T01:04:17 EDT" name="loginTest" data-provider="loginDataProvider" finished-at="2023-08-15T01:04:21 EDT" duration-ms="3459" status="PASS">
          <params>
            <param index="0">
              <value>
                <![CDATA[performance_glitch_user]]>
              </value>
            </param>
            <param index="1">
              <value>
                <![CDATA[secret_sauce]]>
              </value>
            </param>
          </params>
          <reporter-output>
          </reporter-output>
        </test-method> <!-- loginTest -->
        <test-method signature="loginTest(java.lang.String,java.lang.String)[pri:0, instance:testScripts.LoginTest@235834f2]" started-at="2023-08-15T01:04:21 EDT" name="loginTest" data-provider="loginDataProvider" finished-at="2023-08-15T01:04:24 EDT" duration-ms="3395" status="PASS">
          <params>
            <param index="0">
              <value>
                <![CDATA[problem_user]]>
              </value>
            </param>
            <param index="1">
              <value>
                <![CDATA[secret_sauce]]>
              </value>
            </param>
          </params>
          <reporter-output>
          </reporter-output>
        </test-method> <!-- loginTest -->
        <test-method signature="loginTest(java.lang.String,java.lang.String)[pri:0, instance:testScripts.LoginTest@235834f2]" started-at="2023-08-15T01:04:24 EDT" name="loginTest" data-provider="loginDataProvider" finished-at="2023-08-15T01:04:28 EDT" duration-ms="3644" status="PASS">
          <params>
            <param index="0">
              <value>
                <![CDATA[locked_out_user]]>
              </value>
            </param>
            <param index="1">
              <value>
                <![CDATA[secret_sauce]]>
              </value>
            </param>
          </params>
          <reporter-output>
          </reporter-output>
        </test-method> <!-- loginTest -->
        <test-method is-config="true" signature="teardown()[pri:0, instance:testScripts.LoginTest@235834f2]" started-at="2023-08-15T01:04:28 EDT" name="teardown" finished-at="2023-08-15T01:04:30 EDT" duration-ms="2011" status="PASS">
          <reporter-output>
          </reporter-output>
        </test-method> <!-- teardown -->
      </class> <!-- testScripts.LoginTest -->
    </test> <!-- LoginTest -->
  </suite> <!-- Suite -->
</testng-results>
