<?xml version="1.0" encoding="UTF-8"?>
<testng-results ignored="0" total="4" passed="4" failed="0" skipped="0">
  <reporter-output>
  </reporter-output>
  <suite started-at="2023-08-28T00:28:59 EDT" name="Suite" finished-at="2023-08-28T00:29:37 EDT" duration-ms="38110">
    <groups>
    </groups>
    <test started-at="2023-08-28T00:28:59 EDT" name="LoginTest" finished-at="2023-08-28T00:29:37 EDT" duration-ms="38110">
      <class name="testScripts.LoginTest">
        <test-method is-config="true" signature="setup()[pri:0, instance:testScripts.LoginTest@235834f2]" started-at="2023-08-28T00:28:59 EDT" name="setup" finished-at="2023-08-28T00:29:18 EDT" duration-ms="18407" status="PASS">
          <reporter-output>
          </reporter-output>
        </test-method> <!-- setup -->
        <test-method signature="loginTest(java.lang.String,java.lang.String)[pri:0, instance:testScripts.LoginTest@235834f2]" started-at="2023-08-28T00:29:19 EDT" name="loginTest" data-provider="loginDataProvider" finished-at="2023-08-28T00:29:23 EDT" duration-ms="3923" status="PASS">
          <params>
            <param index="0">
              <value>
                <![CDATA[Admin]]>
              </value>
            </param>
            <param index="1">
              <value>
                <![CDATA[admin123]]>
              </value>
            </param>
          </params>
          <reporter-output>
          </reporter-output>
        </test-method> <!-- loginTest -->
        <test-method signature="loginTest(java.lang.String,java.lang.String)[pri:0, instance:testScripts.LoginTest@235834f2]" started-at="2023-08-28T00:29:23 EDT" name="loginTest" data-provider="loginDataProvider" finished-at="2023-08-28T00:29:27 EDT" duration-ms="3750" status="PASS">
          <params>
            <param index="0">
              <value>
                <![CDATA[performance_glitch_user]]>
              </value>
            </param>
            <param index="1">
              <value>
                <![CDATA[secret_sauce]]>
              </value>
            </param>
          </params>
          <reporter-output>
          </reporter-output>
        </test-method> <!-- loginTest -->
        <test-method signature="loginTest(java.lang.String,java.lang.String)[pri:0, instance:testScripts.LoginTest@235834f2]" started-at="2023-08-28T00:29:27 EDT" name="loginTest" data-provider="loginDataProvider" finished-at="2023-08-28T00:29:31 EDT" duration-ms="3687" status="PASS">
          <params>
            <param index="0">
              <value>
                <![CDATA[problem_user]]>
              </value>
            </param>
            <param index="1">
              <value>
                <![CDATA[secret_sauce]]>
              </value>
            </param>
          </params>
          <reporter-output>
          </reporter-output>
        </test-method> <!-- loginTest -->
        <test-method signature="loginTest(java.lang.String,java.lang.String)[pri:0, instance:testScripts.LoginTest@235834f2]" started-at="2023-08-28T00:29:31 EDT" name="loginTest" data-provider="loginDataProvider" finished-at="2023-08-28T00:29:35 EDT" duration-ms="3835" status="PASS">
          <params>
            <param index="0">
              <value>
                <![CDATA[locked_out_user]]>
              </value>
            </param>
            <param index="1">
              <value>
                <![CDATA[secret_sauce]]>
              </value>
            </param>
          </params>
          <reporter-output>
          </reporter-output>
        </test-method> <!-- loginTest -->
        <test-method is-config="true" signature="teardown()[pri:0, instance:testScripts.LoginTest@235834f2]" started-at="2023-08-28T00:29:35 EDT" name="teardown" finished-at="2023-08-28T00:29:37 EDT" duration-ms="2101" status="PASS">
          <reporter-output>
          </reporter-output>
        </test-method> <!-- teardown -->
      </class> <!-- testScripts.LoginTest -->
    </test> <!-- LoginTest -->
  </suite> <!-- Suite -->
</testng-results>
